Fri, 09 Jun 2023 11:16:19 GMT /login/token OPTIONS 8.920 204 2.551
Fri, 09 Jun 2023 11:16:21 GMT /login/token POST 1781.478 200 1778.387
Fri, 09 Jun 2023 12:14:09 GMT /login/token OPTIONS 8.681 204 2.314
Fri, 09 Jun 2023 12:14:11 GMT /login/token POST 1784.446 200 1781.553
Fri, 09 Jun 2023 12:14:29 GMT /generateDatabag/new OPTIONS 1.280 204 0.439
Fri, 09 Jun 2023 12:14:31 GMT /generateDatabag/new POST 2496.829 201 2495.917
Mon, 12 Jun 2023 08:09:02 GMT /login/token OPTIONS 10.232 204 3.312
Mon, 12 Jun 2023 08:09:04 GMT /login/token POST 1774.642 200 1772.348
Mon, 12 Jun 2023 08:09:23 GMT /generateDatabag/new OPTIONS 1.388 204 0.402
Mon, 12 Jun 2023 08:09:26 GMT /generateDatabag/new POST 2381.952 201 2379.766
Mon, 12 Jun 2023 08:10:29 GMT /login/token OPTIONS 1.076 204 0.272
Mon, 12 Jun 2023 08:10:31 GMT /login/token POST 1539.538 200 1538.264
Mon, 12 Jun 2023 08:11:40 GMT /login/token OPTIONS 1.158 204 0.482
Mon, 12 Jun 2023 08:11:41 GMT /login/token POST 1268.447 200 1267.302
Mon, 12 Jun 2023 08:12:17 GMT /generateDatabag/new OPTIONS 1.781 204 0.312
Mon, 12 Jun 2023 08:12:19 GMT /generateDatabag/new POST 2617.212 201 2615.187
Mon, 12 Jun 2023 08:33:12 GMT /login/token OPTIONS 11.368 204 2.348
Mon, 12 Jun 2023 08:33:14 GMT /login/token POST 1656.493 200 1654.189
Mon, 12 Jun 2023 08:34:05 GMT /generateDatabag/new OPTIONS 1.326 204 0.485
Mon, 12 Jun 2023 08:34:07 GMT /generateDatabag/new POST 2658.283 201 2657.302
Mon, 12 Jun 2023 09:54:00 GMT /login/token OPTIONS 9.366 204 2.497
Mon, 12 Jun 2023 09:54:01 GMT /login/token POST 1698.108 200 1694.905
Mon, 12 Jun 2023 09:54:42 GMT /generateDatabag/new OPTIONS 1.734 204 0.710
Mon, 12 Jun 2023 09:54:45 GMT /generateDatabag/new POST 2524.203 201 2523.296
Mon, 12 Jun 2023 12:30:24 GMT /login/token OPTIONS 9.019 204 2.418
Mon, 12 Jun 2023 12:30:26 GMT /login/token POST 1984.745 200 1982.057
Mon, 12 Jun 2023 12:30:43 GMT /generateDatabag/new OPTIONS 1.501 204 0.417
Mon, 12 Jun 2023 12:30:44 GMT /generateDatabag/new POST 1416.788 400 1415.236
Mon, 12 Jun 2023 12:32:09 GMT /generateDatabag/new OPTIONS 1.130 204 0.234
Mon, 12 Jun 2023 12:32:11 GMT /generateDatabag/new POST 1339.970 400 1337.630
Mon, 12 Jun 2023 12:33:18 GMT /login/token OPTIONS 1.300 204 0.551
Mon, 12 Jun 2023 12:33:18 GMT /login/token OPTIONS 2.039 204 0.282
Mon, 12 Jun 2023 12:33:19 GMT /login/token POST 1267.503 200 1265.351
Mon, 12 Jun 2023 12:33:20 GMT /login/token POST 1227.535 200 1226.401
Mon, 12 Jun 2023 12:33:39 GMT /generateDatabag/new OPTIONS 0.788 204 0.248
Mon, 12 Jun 2023 12:33:41 GMT /generateDatabag/new POST 1406.514 400 1405.100
Mon, 12 Jun 2023 12:34:06 GMT /login/token OPTIONS 0.744 204 0.257
Mon, 12 Jun 2023 12:34:08 GMT /login/token POST 1218.957 200 1216.974
Mon, 12 Jun 2023 12:34:39 GMT /generateDatabag/new OPTIONS 0.753 204 0.299
Mon, 12 Jun 2023 12:34:40 GMT /generateDatabag/new POST 1567.007 400 1565.934
Mon, 12 Jun 2023 12:35:58 GMT /login/token OPTIONS 0.892 204 0.232
Mon, 12 Jun 2023 12:35:59 GMT /login/token POST 1472.976 200 1471.715
Mon, 12 Jun 2023 12:36:20 GMT /generateDatabag/new GET 3.482 404 2.979
Mon, 12 Jun 2023 12:36:28 GMT /login/token POST 935.896 200 932.436
Mon, 12 Jun 2023 12:36:45 GMT /generateDatabag/new POST 1363.090 400 1362.440
Mon, 12 Jun 2023 12:38:29 GMT /generateDatabag/new POST 1357.028 400 1356.051
Mon, 12 Jun 2023 12:39:44 GMT /generateDatabag/new POST 1857.433 400 1854.180
Mon, 12 Jun 2023 12:44:18 GMT /login/token POST 1483.722 200 1480.258
Mon, 12 Jun 2023 12:44:36 GMT /generateDatabag/new POST 2807.598 201 2806.946
Mon, 12 Jun 2023 12:47:24 GMT /generateDatabag/new POST 2549.855 201 2546.696
Mon, 12 Jun 2023 12:47:59 GMT /generateDatabag/new POST 2412.079 201 2411.457
Mon, 12 Jun 2023 12:49:14 GMT /generateDatabag/new POST 1856.587 409 1853.604
Mon, 12 Jun 2023 12:49:39 GMT /generateDatabag/new POST 92.264 401 91.798
Mon, 12 Jun 2023 12:49:47 GMT /login/token POST 1563.537 200 1563.042
Mon, 12 Jun 2023 12:50:02 GMT /generateDatabag/new POST 2752.668 201 2751.834
Mon, 12 Jun 2023 13:06:30 GMT /login/token POST 1548.794 200 1545.824
Mon, 12 Jun 2023 13:06:55 GMT /generateDatabag/new POST 3012.884 201 3011.999
Mon, 12 Jun 2023 13:08:06 GMT /login/token OPTIONS 8.354 204 2.330
Mon, 12 Jun 2023 13:08:07 GMT /login/token POST 1418.187 200 1415.595
Mon, 12 Jun 2023 13:08:30 GMT / GET 2.192 304 1.458
Mon, 12 Jun 2023 13:08:30 GMT /favicon.ico GET 3.293 404 2.890
Mon, 12 Jun 2023 13:08:41 GMT /login/token OPTIONS 1.303 204 0.813
Mon, 12 Jun 2023 13:08:43 GMT /login/token POST 1299.434 200 1297.968
Mon, 12 Jun 2023 13:09:14 GMT /generateDatabag/new OPTIONS 1.239 204 0.218
Mon, 12 Jun 2023 13:09:17 GMT /generateDatabag/new POST 2552.794 201 2551.234
Mon, 12 Jun 2023 13:09:31 GMT /generateDatabag/new OPTIONS 1.164 204 0.232
Mon, 12 Jun 2023 13:09:34 GMT /generateDatabag/new POST 2916.509 201 2915.147
Mon, 12 Jun 2023 13:20:20 GMT /login/token OPTIONS 1.279 204 0.369
Mon, 12 Jun 2023 13:20:22 GMT /login/token POST 1649.498 200 1646.437
Mon, 12 Jun 2023 13:32:08 GMT /login/token OPTIONS 0.959 204 0.297
Mon, 12 Jun 2023 13:32:09 GMT /login/token POST 1678.070 200 1676.310
Mon, 12 Jun 2023 13:32:23 GMT /generateDatabag/new OPTIONS 0.913 204 0.237
Mon, 12 Jun 2023 13:32:26 GMT /generateDatabag/new POST 3345.884 201 3344.290
Mon, 12 Jun 2023 13:38:49 GMT /login/token OPTIONS 1.007 204 0.269
Mon, 12 Jun 2023 13:38:51 GMT /login/token POST 1546.601 200 1545.184
Mon, 12 Jun 2023 19:17:52 GMT /login/token OPTIONS 8.989 204 1.775
Mon, 12 Jun 2023 19:17:53 GMT /login/token POST 572.699 400 570.773
Mon, 12 Jun 2023 19:18:11 GMT /login/token OPTIONS 1.427 204 0.442
Mon, 12 Jun 2023 19:18:11 GMT /login/token POST 325.953 400 324.753
Mon, 12 Jun 2023 19:18:37 GMT /login/token OPTIONS 0.673 204 0.165
Mon, 12 Jun 2023 19:18:38 GMT /login/token POST 1134.429 200 1133.346
Mon, 12 Jun 2023 19:20:16 GMT /generateDatabag/new OPTIONS 0.955 204 0.202
Mon, 12 Jun 2023 19:20:16 GMT /generateDatabag/new POST 125.748 404 124.993
Mon, 12 Jun 2023 19:24:29 GMT /login/token OPTIONS 1.135 204 0.203
Mon, 12 Jun 2023 19:24:30 GMT /login/token POST 354.508 400 353.566
Mon, 12 Jun 2023 19:24:40 GMT /login/token OPTIONS 0.551 204 0.153
Mon, 12 Jun 2023 19:24:40 GMT /login/token POST 334.607 400 333.305
Mon, 12 Jun 2023 19:24:50 GMT /login/token OPTIONS 0.621 204 0.173
Mon, 12 Jun 2023 19:24:51 GMT /login/token POST 1533.787 200 1532.711
Mon, 12 Jun 2023 19:26:54 GMT /generateDatabag/new OPTIONS 0.992 204 0.267
Mon, 12 Jun 2023 19:26:54 GMT /generateDatabag/new POST 124.876 404 122.844
Mon, 12 Jun 2023 19:34:27 GMT /login/token OPTIONS 0.711 204 0.202
Mon, 12 Jun 2023 19:34:28 GMT /login/token POST 1343.099 200 1342.090
Mon, 12 Jun 2023 19:36:43 GMT /generateDatabag/new OPTIONS 0.925 204 0.417
Mon, 12 Jun 2023 19:36:43 GMT /generateDatabag/new POST 122.622 404 121.629
Tue, 13 Jun 2023 04:21:23 GMT /login/token OPTIONS 5.956 204 1.617
Tue, 13 Jun 2023 04:21:25 GMT /login/token POST 1964.747 200 1962.773
Tue, 13 Jun 2023 04:22:08 GMT /generateDatabag/new OPTIONS 1.168 204 0.337
Tue, 13 Jun 2023 04:22:08 GMT /generateDatabag/new POST 155.278 404 154.245
Tue, 13 Jun 2023 06:08:24 GMT /login/token OPTIONS 6.967 204 1.706
Tue, 13 Jun 2023 06:08:26 GMT /login/token POST 1829.403 200 1827.549
Tue, 13 Jun 2023 06:10:30 GMT /generateDatabag/new OPTIONS 1.175 204 0.318
Tue, 13 Jun 2023 06:10:31 GMT /generateDatabag/new POST 1548.653 409 1547.914
Tue, 13 Jun 2023 06:12:09 GMT /generateDatabag/new OPTIONS 0.671 204 0.227
Tue, 13 Jun 2023 06:12:12 GMT /generateDatabag/new POST 2321.497 201 2320.062
Tue, 13 Jun 2023 06:22:24 GMT /login/token OPTIONS 1.094 204 0.481
Tue, 13 Jun 2023 06:22:26 GMT /login/token POST 1553.191 200 1551.967
Tue, 13 Jun 2023 06:48:21 GMT /login/token OPTIONS 8.318 204 1.913
Tue, 13 Jun 2023 06:48:22 GMT /login/token POST 1637.119 200 1635.335
Tue, 13 Jun 2023 06:53:28 GMT /login/token OPTIONS 1.073 204 0.345
Tue, 13 Jun 2023 06:53:29 GMT /login/token POST 1403.167 200 1401.988
Tue, 13 Jun 2023 06:53:46 GMT /generateDatabag/new OPTIONS 0.976 204 0.264
Tue, 13 Jun 2023 06:53:48 GMT /generateDatabag/new POST 2284.402 201 2283.636
Tue, 13 Jun 2023 06:54:04 GMT /generateDatabag/new OPTIONS 0.795 204 0.355
Tue, 13 Jun 2023 06:54:06 GMT /generateDatabag/new POST 2047.054 409 2046.135
Tue, 13 Jun 2023 08:08:38 GMT /login/token OPTIONS 7.137 204 1.970
Tue, 13 Jun 2023 08:08:39 GMT /login/token POST 1703.860 200 1701.986
Tue, 13 Jun 2023 08:09:40 GMT /login/token OPTIONS 0.966 204 0.337
Tue, 13 Jun 2023 08:09:41 GMT /login/token POST 1205.280 200 1204.304
Tue, 13 Jun 2023 08:25:30 GMT /login/token OPTIONS 1.109 204 0.225
Tue, 13 Jun 2023 08:25:31 GMT /login/token POST 1566.671 200 1565.573
Tue, 13 Jun 2023 08:25:56 GMT /generateDatabag/new OPTIONS 0.886 204 0.392
Tue, 13 Jun 2023 08:25:59 GMT /generateDatabag/new POST 2733.150 201 2731.889
Tue, 13 Jun 2023 08:26:35 GMT /generateDatabag/new OPTIONS 0.839 204 0.155
Tue, 13 Jun 2023 08:26:37 GMT /generateDatabag/new POST 2021.332 409 2020.430
Tue, 13 Jun 2023 08:29:42 GMT /login/token OPTIONS 0.768 204 0.159
Tue, 13 Jun 2023 08:29:43 GMT /login/token POST 1277.157 200 1274.693
Tue, 13 Jun 2023 08:36:30 GMT /login/token OPTIONS 0.611 204 0.181
Tue, 13 Jun 2023 08:36:31 GMT /login/token POST 1402.994 200 1401.143
Tue, 13 Jun 2023 08:42:48 GMT /login/token OPTIONS 0.810 204 0.174
Tue, 13 Jun 2023 08:42:49 GMT /login/token POST 1392.160 200 1390.890
Tue, 13 Jun 2023 08:50:23 GMT /login/token OPTIONS 0.679 204 0.179
Tue, 13 Jun 2023 08:50:24 GMT /login/token POST 1377.304 200 1375.558
Tue, 13 Jun 2023 08:54:21 GMT /login/token OPTIONS 0.860 204 0.357
Tue, 13 Jun 2023 08:54:22 GMT /login/token POST 1299.357 200 1297.956
Tue, 13 Jun 2023 08:55:49 GMT /login/token OPTIONS 0.571 204 0.226
Tue, 13 Jun 2023 08:55:51 GMT /login/token POST 1381.542 200 1380.330
Tue, 13 Jun 2023 09:32:37 GMT /login/token OPTIONS 7.245 204 2.210
Tue, 13 Jun 2023 09:32:38 GMT /login/token POST 663.238 400 661.327
Tue, 13 Jun 2023 09:32:56 GMT /login/token OPTIONS 0.977 204 0.347
Tue, 13 Jun 2023 09:32:57 GMT /login/token POST 1114.040 200 1112.948
Tue, 13 Jun 2023 09:33:58 GMT /login/token OPTIONS 0.542 204 0.153
Tue, 13 Jun 2023 09:33:59 GMT /login/token POST 912.687 200 911.597
Tue, 13 Jun 2023 09:44:32 GMT /login/token OPTIONS 1.372 204 0.339
Tue, 13 Jun 2023 09:44:32 GMT /login/token POST 889.580 200 888.688
Tue, 13 Jun 2023 10:24:56 GMT /login/token OPTIONS 7.207 204 1.742
Tue, 13 Jun 2023 10:24:58 GMT /login/token POST 1715.557 200 1713.434
Tue, 13 Jun 2023 10:25:54 GMT /generateDatabag/new OPTIONS 1.062 204 0.409
Tue, 13 Jun 2023 10:25:56 GMT /generateDatabag/new POST 2296.432 201 2295.438
Tue, 13 Jun 2023 10:26:40 GMT /generateDatabag/new OPTIONS 0.799 204 0.229
Tue, 13 Jun 2023 10:26:43 GMT /generateDatabag/new POST 2401.151 201 2400.089
Tue, 13 Jun 2023 10:45:38 GMT /login/token OPTIONS 1.066 204 0.406
Tue, 13 Jun 2023 10:45:39 GMT /login/token POST 457.135 200 456.106
Tue, 13 Jun 2023 10:45:56 GMT /generateDatabag/new OPTIONS 0.978 204 0.183
Tue, 13 Jun 2023 10:45:58 GMT /generateDatabag/new POST 2389.573 201 2388.355
Tue, 13 Jun 2023 10:52:34 GMT /login/token OPTIONS 1.234 204 0.394
Tue, 13 Jun 2023 10:52:35 GMT /login/token POST 1258.534 200 1257.511
Tue, 13 Jun 2023 10:53:39 GMT /login/token OPTIONS 0.756 204 0.239
Tue, 13 Jun 2023 10:53:40 GMT /login/token POST 1524.837 200 1523.849
Tue, 13 Jun 2023 10:59:38 GMT /login/token OPTIONS 0.518 204 0.170
Tue, 13 Jun 2023 10:59:39 GMT /login/token POST 1484.946 200 1484.103
Tue, 13 Jun 2023 11:02:20 GMT /login/token OPTIONS 0.733 204 0.187
Tue, 13 Jun 2023 11:02:21 GMT /login/token POST 1104.159 200 1103.096
Tue, 13 Jun 2023 11:08:38 GMT /login/token OPTIONS 1.746 204 0.662
Tue, 13 Jun 2023 11:08:40 GMT /login/token POST 1635.030 200 1633.579
Tue, 13 Jun 2023 11:11:20 GMT /login/token OPTIONS 0.728 204 0.368
Tue, 13 Jun 2023 11:11:22 GMT /login/token POST 1146.451 200 1145.273
Tue, 13 Jun 2023 11:15:45 GMT /generateDatabag/new OPTIONS 0.495 204 0.171
Tue, 13 Jun 2023 11:15:47 GMT /generateDatabag/new POST 2220.070 201 2219.092
Tue, 13 Jun 2023 11:17:11 GMT /login/token OPTIONS 0.555 204 0.163
Tue, 13 Jun 2023 11:17:12 GMT /login/token POST 1226.864 200 1225.821
Tue, 13 Jun 2023 11:18:02 GMT /generateDatabag/new OPTIONS 0.491 204 0.170
Tue, 13 Jun 2023 11:18:04 GMT /generateDatabag/new POST 1505.265 409 1504.223
Tue, 13 Jun 2023 11:18:23 GMT /login/token OPTIONS 0.662 204 0.231
Tue, 13 Jun 2023 11:18:24 GMT /login/token POST 914.061 200 913.279
Tue, 13 Jun 2023 11:22:02 GMT /login/token OPTIONS 0.606 204 0.178
Tue, 13 Jun 2023 11:22:03 GMT /login/token POST 1509.435 200 1508.364
Tue, 13 Jun 2023 11:22:20 GMT /generateDatabag/new OPTIONS 0.538 204 0.141
Tue, 13 Jun 2023 11:22:23 GMT /generateDatabag/new POST 2911.055 201 2910.328
Tue, 13 Jun 2023 11:25:31 GMT /login/token OPTIONS 0.512 204 0.154
Tue, 13 Jun 2023 11:25:32 GMT /login/token POST 1208.456 200 1207.444
Tue, 13 Jun 2023 11:27:53 GMT /login/token OPTIONS 0.611 204 0.190
Tue, 13 Jun 2023 11:27:53 GMT /login/token POST 354.194 400 353.460
Tue, 13 Jun 2023 11:28:03 GMT /login/token OPTIONS 1.540 204 1.212
Tue, 13 Jun 2023 11:28:04 GMT /login/token POST 1214.446 200 1213.630
Tue, 13 Jun 2023 11:32:45 GMT /generateDatabag/new OPTIONS 0.427 204 0.127
Tue, 13 Jun 2023 11:32:47 GMT /generateDatabag/new POST 2769.516 409 2768.779
Tue, 13 Jun 2023 11:37:50 GMT /login/token OPTIONS 0.493 204 0.167
Tue, 13 Jun 2023 11:37:52 GMT /login/token POST 1416.822 200 1416.045
Tue, 13 Jun 2023 11:38:05 GMT /generateDatabag/new OPTIONS 0.469 204 0.145
Tue, 13 Jun 2023 11:38:07 GMT /generateDatabag/new POST 1889.228 409 1888.447
Tue, 13 Jun 2023 11:39:22 GMT /generateDatabag/new OPTIONS 0.550 204 0.184
Tue, 13 Jun 2023 11:39:25 GMT /generateDatabag/new POST 2784.166 201 2783.364
Tue, 13 Jun 2023 13:11:20 GMT /login/token OPTIONS 8.507 204 2.388
Tue, 13 Jun 2023 13:11:21 GMT /login/token POST 1274.805 200 1272.052
Tue, 13 Jun 2023 13:12:08 GMT /login/token OPTIONS 1.362 204 0.397
Tue, 13 Jun 2023 13:12:09 GMT /generateDatabag/new OPTIONS 1.245 204 0.349
Tue, 13 Jun 2023 13:12:10 GMT /login/token POST 1676.460 200 1674.741
Tue, 13 Jun 2023 13:12:11 GMT /generateDatabag/new POST 2206.074 409 2204.602
Tue, 13 Jun 2023 13:12:22 GMT /generateDatabag/new OPTIONS 2.059 204 0.884
Tue, 13 Jun 2023 13:12:25 GMT /generateDatabag/new POST 3287.416 201 3286.206
Wed, 14 Jun 2023 08:31:47 GMT /login/token OPTIONS 9.084 204 2.275
Wed, 14 Jun 2023 08:31:48 GMT /login/token POST 1672.323 200 1669.493
Wed, 14 Jun 2023 08:32:02 GMT /generateDatabag/new OPTIONS 1.436 204 0.420
Wed, 14 Jun 2023 08:32:05 GMT /generateDatabag/new POST 2739.029 201 2738.035
Wed, 14 Jun 2023 08:54:12 GMT /login/token OPTIONS 11.096 204 2.400
Wed, 14 Jun 2023 08:54:13 GMT /login/token POST 1718.707 200 1716.208
Wed, 14 Jun 2023 08:54:25 GMT /generateDatabag/new OPTIONS 1.694 204 0.648
Wed, 14 Jun 2023 08:54:28 GMT /generateDatabag/new POST 2974.101 201 2973.242
Wed, 14 Jun 2023 09:21:33 GMT /login/token OPTIONS 11.332 204 3.881
Wed, 14 Jun 2023 09:21:35 GMT /login/token POST 1856.081 200 1853.692
Wed, 14 Jun 2023 09:21:48 GMT /generateDatabag/new OPTIONS 1.157 204 0.409
Wed, 14 Jun 2023 09:21:51 GMT /generateDatabag/new POST 2661.601 201 2660.680
Wed, 14 Jun 2023 09:26:23 GMT /generateDatabag/new OPTIONS 1.318 204 0.517
Wed, 14 Jun 2023 09:26:26 GMT /generateDatabag/new POST 2820.212 201 2818.981
Wed, 14 Jun 2023 09:36:06 GMT /login/token OPTIONS 1.649 204 0.721
Wed, 14 Jun 2023 09:36:07 GMT /login/token POST 1495.450 200 1493.893
Wed, 14 Jun 2023 09:36:23 GMT /generateDatabag/new OPTIONS 1.305 204 0.271
Wed, 14 Jun 2023 09:36:26 GMT /generateDatabag/new POST 2993.775 201 2992.556
Wed, 14 Jun 2023 12:25:55 GMT /login/token OPTIONS 9.085 204 2.196
Wed, 14 Jun 2023 12:25:57 GMT /login/token POST 1871.225 200 1868.676
Wed, 14 Jun 2023 12:26:16 GMT /generateDatabag/new OPTIONS 1.483 204 0.553
Wed, 14 Jun 2023 12:26:19 GMT /generateDatabag/new POST 2994.560 201 2993.418
Wed, 14 Jun 2023 13:42:34 GMT /login/token OPTIONS 8.391 204 2.377
Wed, 14 Jun 2023 13:42:36 GMT /login/token POST 1947.433 200 1944.585
Wed, 14 Jun 2023 13:42:51 GMT /generateDatabag/new OPTIONS 1.181 204 0.433
Wed, 14 Jun 2023 13:42:55 GMT /generateDatabag/new POST 3201.463 201 3200.140
Wed, 14 Jun 2023 14:05:34 GMT /login/token OPTIONS 18.228 204 2.437
Wed, 14 Jun 2023 14:05:36 GMT /login/token POST 1651.052 200 1648.693
Wed, 14 Jun 2023 14:06:00 GMT /generateDatabag/new OPTIONS 1.190 204 0.406
Wed, 14 Jun 2023 14:06:05 GMT /generateDatabag/new POST 4263.230 201 4261.973
Wed, 14 Jun 2023 14:32:47 GMT /login/token OPTIONS 8.629 204 2.488
Wed, 14 Jun 2023 14:32:48 GMT /login/token POST 1444.807 200 1442.392
Wed, 14 Jun 2023 14:59:50 GMT /login/token OPTIONS 17.437 204 4.231
Wed, 14 Jun 2023 14:59:51 GMT /login/token POST 852.479 400 766.609
Wed, 14 Jun 2023 15:00:18 GMT /login/token OPTIONS 1.210 204 0.480
Wed, 14 Jun 2023 15:00:20 GMT /login/token POST 1994.602 200 1991.365
Wed, 14 Jun 2023 15:02:32 GMT /generateDatabag/new OPTIONS 1.348 204 0.439
Wed, 14 Jun 2023 15:02:35 GMT /generateDatabag/new POST 3634.625 201 3633.584
Wed, 14 Jun 2023 15:36:55 GMT /login/token OPTIONS 8.564 204 2.404
Wed, 14 Jun 2023 15:36:57 GMT /login/token POST 1713.542 200 1711.333
Wed, 14 Jun 2023 15:37:33 GMT /generateDatabag/new OPTIONS 1.222 204 0.408
Wed, 14 Jun 2023 15:37:36 GMT /generateDatabag/new POST 2898.200 201 2896.990
Thu, 15 Jun 2023 05:16:15 GMT /login/token OPTIONS 9.001 204 2.419
Thu, 15 Jun 2023 05:16:17 GMT /login/token POST 1734.888 200 1732.808
Thu, 15 Jun 2023 05:21:42 GMT /login/token OPTIONS 1.330 204 0.437
Thu, 15 Jun 2023 05:21:44 GMT /login/token POST 1353.383 200 1352.229
Thu, 15 Jun 2023 05:27:09 GMT /login/token OPTIONS 1.045 204 0.314
Thu, 15 Jun 2023 05:27:10 GMT /login/token POST 1487.021 200 1485.715
Thu, 15 Jun 2023 05:28:24 GMT /generateDatabag/new OPTIONS 1.187 204 0.506
Thu, 15 Jun 2023 05:28:26 GMT /generateDatabag/new POST 1583.458 409 1582.462
Thu, 15 Jun 2023 05:32:19 GMT /login/token OPTIONS 1.959 204 0.224
Thu, 15 Jun 2023 05:32:20 GMT /login/token POST 1429.263 200 1427.159
Thu, 15 Jun 2023 05:33:00 GMT /generateDatabag/new OPTIONS 1.330 204 0.365
Thu, 15 Jun 2023 05:33:02 GMT /generateDatabag/new POST 1633.525 409 1632.465
Thu, 15 Jun 2023 05:35:39 GMT /generateDatabag/new OPTIONS 1.157 204 0.300
Thu, 15 Jun 2023 05:35:41 GMT /generateDatabag/new POST 1460.963 409 1459.707
Thu, 15 Jun 2023 05:39:59 GMT /login/token OPTIONS 0.926 204 0.272
Thu, 15 Jun 2023 05:40:01 GMT /login/token POST 1637.724 200 1636.779
Thu, 15 Jun 2023 05:40:28 GMT /generateDatabag/new OPTIONS 0.846 204 0.219
Thu, 15 Jun 2023 05:40:30 GMT /generateDatabag/new POST 1694.695 409 1693.663
Thu, 15 Jun 2023 05:42:03 GMT /generateDatabag/new OPTIONS 0.921 204 0.256
Thu, 15 Jun 2023 05:42:05 GMT /generateDatabag/new POST 2661.943 201 2661.183
Thu, 15 Jun 2023 05:50:56 GMT /login/token OPTIONS 0.803 204 0.320
Thu, 15 Jun 2023 05:50:57 GMT /login/token POST 1381.930 200 1380.622
Thu, 15 Jun 2023 06:09:01 GMT /login/token OPTIONS 0.749 204 0.282
Thu, 15 Jun 2023 06:09:03 GMT /login/token POST 1489.874 200 1489.111
Thu, 15 Jun 2023 06:09:40 GMT /generateDatabag/new OPTIONS 1.164 204 0.280
Thu, 15 Jun 2023 06:09:42 GMT /generateDatabag/new POST 1471.130 409 1470.416
Thu, 15 Jun 2023 06:11:10 GMT /generateDatabag/new OPTIONS 0.839 204 0.313
Thu, 15 Jun 2023 06:11:12 GMT /generateDatabag/new POST 2722.054 201 2721.119
Thu, 15 Jun 2023 06:21:22 GMT /login/token OPTIONS 0.747 204 0.310
Thu, 15 Jun 2023 06:21:23 GMT /login/token POST 1430.465 200 1428.818
Thu, 15 Jun 2023 08:00:44 GMT /login/token OPTIONS 12.956 204 2.738
Thu, 15 Jun 2023 08:00:45 GMT /login/token POST 1542.625 200 1540.190
Thu, 15 Jun 2023 08:09:40 GMT /login/token OPTIONS 1.223 204 0.436
Thu, 15 Jun 2023 08:09:41 GMT /login/token POST 1750.471 200 1749.014
Thu, 15 Jun 2023 08:47:21 GMT /login/token OPTIONS 8.627 204 2.313
Thu, 15 Jun 2023 08:47:23 GMT /login/token POST 1202.501 200 1200.408
Thu, 15 Jun 2023 08:56:46 GMT /login/token OPTIONS 1.385 204 0.457
Thu, 15 Jun 2023 08:56:48 GMT /login/token POST 1411.664 200 1410.376
Thu, 15 Jun 2023 08:57:54 GMT /generateDatabag/new OPTIONS 0.901 204 0.226
Thu, 15 Jun 2023 08:57:56 GMT /generateDatabag/new POST 2017.172 201 2016.310
Thu, 15 Jun 2023 09:18:13 GMT /login/token OPTIONS 1.298 204 0.618
Thu, 15 Jun 2023 09:18:15 GMT /login/token POST 1651.449 200 1647.606
Thu, 15 Jun 2023 09:20:25 GMT /login/token OPTIONS 1.519 204 0.260
Thu, 15 Jun 2023 09:20:26 GMT /login/token POST 1288.150 200 1286.839
Thu, 15 Jun 2023 09:20:56 GMT /generateDatabag/new OPTIONS 0.707 204 0.241
Thu, 15 Jun 2023 09:20:58 GMT /generateDatabag/new POST 2546.858 201 2545.690
Thu, 15 Jun 2023 10:05:41 GMT /login/token OPTIONS 8.389 204 2.384
Thu, 15 Jun 2023 10:05:43 GMT /login/token POST 1609.405 200 1607.053
Thu, 15 Jun 2023 10:06:37 GMT /generateDatabag/new OPTIONS 1.544 204 0.607
Thu, 15 Jun 2023 10:06:40 GMT /generateDatabag/new POST 2420.717 201 2419.115
Thu, 15 Jun 2023 10:20:23 GMT /login/token OPTIONS 0.934 204 0.243
Thu, 15 Jun 2023 10:20:25 GMT /login/token POST 1695.536 200 1694.381
Thu, 15 Jun 2023 10:20:40 GMT /generateDatabag/new OPTIONS 1.327 204 0.451
Thu, 15 Jun 2023 10:20:42 GMT /generateDatabag/new POST 2816.258 201 2815.269
Thu, 15 Jun 2023 10:23:39 GMT /generateDatabag/new OPTIONS 1.454 204 0.223
Thu, 15 Jun 2023 10:23:41 GMT /generateDatabag/new POST 1629.340 409 1628.363
Thu, 15 Jun 2023 10:24:11 GMT /generateDatabag/new OPTIONS 0.783 204 0.305
Thu, 15 Jun 2023 10:24:14 GMT /generateDatabag/new POST 2468.002 201 2466.604
Thu, 15 Jun 2023 10:49:29 GMT /login/token OPTIONS 8.645 204 2.449
Thu, 15 Jun 2023 10:49:31 GMT /login/token POST 1441.314 200 1439.100
Thu, 15 Jun 2023 10:50:00 GMT /generateDatabag/new OPTIONS 1.476 204 0.575
Thu, 15 Jun 2023 10:50:04 GMT /generateDatabag/new POST 3217.165 201 3215.994
Thu, 15 Jun 2023 12:11:30 GMT /login/token OPTIONS 8.656 204 2.537
Thu, 15 Jun 2023 12:11:31 GMT /login/token POST 1004.546 200 1002.419
Thu, 15 Jun 2023 12:12:09 GMT /generateDatabag/new OPTIONS 1.941 204 0.404
Thu, 15 Jun 2023 12:12:10 GMT /generateDatabag/new POST 1435.935 409 1435.106
Thu, 15 Jun 2023 12:12:45 GMT /generateDatabag/new OPTIONS 1.067 204 0.480
Thu, 15 Jun 2023 12:12:47 GMT /generateDatabag/new POST 2071.586 201 2070.348
Fri, 16 Jun 2023 06:52:59 GMT /generateDatabag/new OPTIONS 7.780 204 2.608
Fri, 16 Jun 2023 06:53:02 GMT /generateDatabag/new POST 2432.057 201 2431.191
Fri, 16 Jun 2023 06:55:19 GMT /deployURL/new OPTIONS 1.349 204 0.636
Fri, 16 Jun 2023 06:55:19 GMT /deployURL/new POST 48.636 200 47.806
Fri, 16 Jun 2023 08:26:45 GMT /generateDatabag/new OPTIONS 0.822 204 0.255
Fri, 16 Jun 2023 08:26:48 GMT /generateDatabag/new POST 2811.133 201 2809.955
Fri, 16 Jun 2023 08:26:50 GMT /deployURL/new OPTIONS 1.170 204 0.262
Fri, 16 Jun 2023 08:26:50 GMT /deployURL/new POST 18.816 200 18.239
Fri, 16 Jun 2023 08:31:40 GMT /deployURL/new OPTIONS 9.452 204 2.145
Fri, 16 Jun 2023 08:31:40 GMT /deployURL/new POST 43.681 200 42.572
Fri, 16 Jun 2023 08:35:03 GMT / GET 1.946 200 1.217
Fri, 16 Jun 2023 08:35:03 GMT /favicon.ico GET 3.204 404 2.583
Fri, 16 Jun 2023 08:36:24 GMT /deployURL/new OPTIONS 8.747 204 3.506
Fri, 16 Jun 2023 08:36:24 GMT /deployURL/new POST 41.242 200 40.127
Fri, 16 Jun 2023 08:37:43 GMT /deployURL/new OPTIONS 8.850 204 2.479
Fri, 16 Jun 2023 08:37:43 GMT /deployURL/new POST 42.081 200 40.176
Sat, 17 Jun 2023 00:14:13 GMT * M-SEARCH 4.416 404 3.605
Tue, 20 Jun 2023 10:38:56 GMT /generateDatabag/new OPTIONS 7.251 204 2.473
Tue, 20 Jun 2023 10:39:00 GMT /generateDatabag/new POST 3592.372 201 3591.451
Tue, 20 Jun 2023 11:15:51 GMT /generateDatabag/new OPTIONS 3.181 204 2.461
Tue, 20 Jun 2023 11:15:54 GMT /generateDatabag/new POST 2603.408 201 2601.792
Tue, 20 Jun 2023 11:16:03 GMT /deployURL/new OPTIONS 0.869 204 0.270
Tue, 20 Jun 2023 11:16:03 GMT /deployURL/new POST 30.743 200 29.993
Tue, 20 Jun 2023 11:17:28 GMT /deployURL/new OPTIONS 7.617 204 2.675
Tue, 20 Jun 2023 11:17:28 GMT /deployURL/new POST 53.262 200 51.780
Tue, 20 Jun 2023 11:20:01 GMT /deployURL/new OPTIONS 9.075 204 3.183
Tue, 20 Jun 2023 11:20:01 GMT /deployURL/new POST 96.320 200 59.818
Wed, 21 Jun 2023 06:06:54 GMT /generateDatabag/new OPTIONS 13.409 204 6.795
Wed, 21 Jun 2023 06:06:57 GMT /generateDatabag/new POST 2746.012 201 2744.924
Wed, 21 Jun 2023 06:07:02 GMT /deployURL/new OPTIONS 1.007 204 0.367
Wed, 21 Jun 2023 06:07:02 GMT /deployURL/new POST 52.459 200 51.632
Wed, 21 Jun 2023 06:18:30 GMT /deployURL/new OPTIONS 0.683 204 0.258
Wed, 21 Jun 2023 06:18:30 GMT /deployURL/new POST 19.335 200 18.585
Wed, 21 Jun 2023 06:35:32 GMT /deployURL/new OPTIONS 1.116 204 0.214
Wed, 21 Jun 2023 06:35:32 GMT /deployURL/new POST 27.634 200 23.111
Wed, 21 Jun 2023 07:03:19 GMT /generateDatabag/new OPTIONS 7.098 204 2.184
Wed, 21 Jun 2023 07:03:22 GMT /generateDatabag/new POST 2942.146 201 2941.258
Wed, 21 Jun 2023 07:03:24 GMT /deployURL/new OPTIONS 2.160 204 0.480
Wed, 21 Jun 2023 07:03:24 GMT /deployURL/new POST 26.686 200 26.123
Wed, 21 Jun 2023 08:10:36 GMT /generateDatabag/new OPTIONS 2.790 204 2.110
Wed, 21 Jun 2023 08:10:39 GMT /generateDatabag/new POST 3300.837 201 3299.877
Wed, 21 Jun 2023 08:10:41 GMT /deployURL/new OPTIONS 1.455 204 0.216
Wed, 21 Jun 2023 08:10:41 GMT /deployURL/new POST 35.079 200 34.484
Wed, 21 Jun 2023 08:13:54 GMT /deployURL/new OPTIONS 1.067 204 0.597
Wed, 21 Jun 2023 08:13:54 GMT /deployURL/new POST 34.827 200 34.009
Wed, 21 Jun 2023 10:04:37 GMT /generateDatabag/new OPTIONS 0.791 204 0.288
Wed, 21 Jun 2023 10:04:39 GMT /generateDatabag/new POST 2516.071 201 2515.367
Wed, 21 Jun 2023 10:04:42 GMT /deployURL/new OPTIONS 1.072 204 0.371
Wed, 21 Jun 2023 10:04:42 GMT /deployURL/new POST 103.162 200 102.424
Wed, 21 Jun 2023 10:07:20 GMT /deployURL/new OPTIONS 0.724 204 0.237
Wed, 21 Jun 2023 10:07:20 GMT /deployURL/new POST 16.687 200 16.010
Wed, 21 Jun 2023 12:38:04 GMT /test/new OPTIONS 7.750 204 2.429
Wed, 21 Jun 2023 12:38:04 GMT /test/new POST 29.841 404 28.077
Wed, 21 Jun 2023 12:39:37 GMT /test/new OPTIONS 8.041 204 2.697
Wed, 21 Jun 2023 12:39:37 GMT /test/new POST 40.730 500 39.178
Wed, 21 Jun 2023 12:47:01 GMT /test/new OPTIONS 8.841 204 2.585
Wed, 21 Jun 2023 12:47:01 GMT /test/new POST 41.632 500 39.945
Wed, 21 Jun 2023 12:52:33 GMT /test/new OPTIONS 6.629 204 2.062
Wed, 21 Jun 2023 12:52:34 GMT /test/new POST 1075.675 500 1074.459
Thu, 22 Jun 2023 08:43:16 GMT /test/new OPTIONS 1.476 204 0.646
Thu, 22 Jun 2023 08:43:17 GMT /test/new POST 1077.278 500 1076.685
Thu, 22 Jun 2023 08:45:45 GMT /test/new OPTIONS 0.974 204 0.209
Thu, 22 Jun 2023 08:45:46 GMT /test/new POST 688.291 500 687.468
Thu, 22 Jun 2023 10:56:00 GMT /generateDatabag/new OPTIONS 7.538 204 2.242
Thu, 22 Jun 2023 10:56:02 GMT /generateDatabag/new POST 2370.911 201 2370.134
Thu, 22 Jun 2023 10:56:05 GMT /deployURL/new OPTIONS 1.335 204 0.427
Thu, 22 Jun 2023 10:56:05 GMT /deployURL/new POST 64.298 200 63.657
Fri, 23 Jun 2023 06:14:46 GMT /test/new OPTIONS 1.277 204 0.435
Fri, 23 Jun 2023 06:14:47 GMT /test/new POST 781.649 500 780.955
Mon, 26 Jun 2023 18:57:41 GMT / GET 10.033 304 5.170
Mon, 26 Jun 2023 19:11:20 GMT /generateDatabag/add/moo GET 4.346 404 3.214
Mon, 26 Jun 2023 19:11:39 GMT /generateDatabag/add/moo GET 2.454 404 1.931
Mon, 26 Jun 2023 19:15:09 GMT /generateDatabag/add/moo POST 1.936 404 1.544
Mon, 26 Jun 2023 19:23:08 GMT /generateDatabag/add/moo POST 1.360 404 0.918
Tue, 27 Jun 2023 06:01:06 GMT /generateDatabag/add/moo POST 1.699 404 0.793
Tue, 27 Jun 2023 06:01:11 GMT /generateDatabag/add/moo POST 1.789 404 1.148
Tue, 27 Jun 2023 08:30:15 GMT / GET 10.220 304 5.321
Tue, 27 Jun 2023 08:30:21 GMT /generateDatabag/add/moo POST 166.805 200 161.889
Tue, 27 Jun 2023 08:30:23 GMT /generateDatabag/add/moo POST 13.826 200 7.632
Tue, 27 Jun 2023 08:30:25 GMT /generateDatabag/add/moo POST 13.085 200 7.633
Tue, 27 Jun 2023 08:30:27 GMT /generateDatabag/add/moo POST 14.108 200 8.375
Tue, 27 Jun 2023 08:31:03 GMT /generateDatabag/add/moo GET 3.621 404 2.649
Tue, 27 Jun 2023 08:31:06 GMT /generateDatabag/add/moo GET 1.630 404 0.978
Tue, 27 Jun 2023 08:32:55 GMT /generateDatabag/add/moo GET 11.070 404 5.727
Tue, 27 Jun 2023 08:33:46 GMT /generateDatabag/ GET 2.712 404 2.090
Tue, 27 Jun 2023 08:33:50 GMT /generateDatabag GET 1.823 404 1.189
Tue, 27 Jun 2023 08:34:05 GMT /generateDatabag/new GET 1.617 404 1.205
Tue, 27 Jun 2023 08:36:56 GMT /generateDatabag/add/moo GET 11.096 404 5.995
Tue, 27 Jun 2023 08:37:03 GMT /generateDatabag/add/moo POST 162.682 200 156.390
Tue, 27 Jun 2023 08:37:51 GMT /generateDatabag/new POST 6.391 400 5.237
Tue, 27 Jun 2023 08:42:37 GMT /generateDatabag/new POST 16.124 400 10.871
Tue, 27 Jun 2023 08:46:07 GMT /generateDatabag/add/moo POST 299.769 200 151.242
Tue, 27 Jun 2023 08:50:10 GMT /generateDatabag/add/moo POST 75.527 200 69.502
Tue, 27 Jun 2023 08:50:26 GMT /generateDatabag/add/moo POST 13.364 200 12.480
Tue, 27 Jun 2023 09:56:31 GMT /generateDatabag/add/moo POST 11.843 200 11.173
Tue, 27 Jun 2023 10:06:25 GMT /generateDatabag/add/moo POST 9.352 200 8.519
Tue, 27 Jun 2023 10:10:25 GMT /generateDatabag/add/moo POST 11.803 200 10.744
Wed, 28 Jun 2023 05:41:50 GMT /generateDatabag/new OPTIONS 7.858 204 2.775
Wed, 28 Jun 2023 05:41:53 GMT /generateDatabag/new POST 3022.318 201 3021.610
Wed, 28 Jun 2023 05:41:56 GMT /deployURL/new OPTIONS 1.971 204 1.011
Wed, 28 Jun 2023 05:41:56 GMT /deployURL/new POST 26.446 200 25.734
Wed, 28 Jun 2023 05:44:49 GMT /deployURL/new OPTIONS 7.376 204 2.336
Wed, 28 Jun 2023 05:44:49 GMT /deployURL/new POST 46.012 200 44.814
Wed, 28 Jun 2023 05:49:37 GMT /deployURL/new OPTIONS 7.627 204 2.266
Wed, 28 Jun 2023 05:49:37 GMT /deployURL/new POST 43.034 200 41.846
Wed, 28 Jun 2023 06:21:21 GMT /generateDatabag/new OPTIONS 1.471 204 0.711
Wed, 28 Jun 2023 06:21:24 GMT /generateDatabag/new POST 2520.039 201 2519.011
Thu, 29 Jun 2023 13:26:14 GMT /generateDatabag/add/moo POST 21.839 200 21.028
Sat, 01 Jul 2023 01:13:37 GMT * M-SEARCH 11.004 404 5.168
Mon, 03 Jul 2023 09:49:30 GMT /generateDatabag/add/moo POST 1042.872 200 1032.248
Mon, 03 Jul 2023 10:30:25 GMT /generateDatabag/add/moo POST 1011.515 200 1006.550
Mon, 03 Jul 2023 10:30:34 GMT /generateDatabag/add/moo POST 1009.925 200 1008.555
Mon, 03 Jul 2023 10:30:40 GMT /generateDatabag/add/mood POST 1104.212 200 1005.311
Mon, 03 Jul 2023 10:30:52 GMT /generateDatabag/add/moo GET 4.063 404 3.204
Mon, 03 Jul 2023 10:30:58 GMT /generateDatabag/add/moo POST 1015.238 200 1006.136
Mon, 03 Jul 2023 10:59:19 GMT /generateDatabag/add/moo POST 1030.660 200 1027.297
Wed, 05 Jul 2023 09:31:28 GMT /generateDatabag/add/moo POST 187.037 200 183.941
Thu, 06 Jul 2023 02:29:51 GMT /generateDatabag/add/moo POST 14.786 200 14.236
Thu, 06 Jul 2023 04:22:51 GMT /generateDatabag/add/moo POST 11.019 200 10.308
Thu, 06 Jul 2023 04:28:21 GMT /generateDatabag/add/moo POST 11.631 200 10.583
Thu, 06 Jul 2023 04:31:04 GMT /generateDatabag/add/moo POST 9.327 200 7.784
Thu, 06 Jul 2023 04:53:21 GMT /generateDatabag/add/moo POST 8.535 200 8.038
Thu, 06 Jul 2023 04:54:10 GMT /generateDatabag/add/moo POST 8.855 200 8.103
Thu, 06 Jul 2023 05:25:51 GMT /generateDatabag/add/moo POST 157.356 200 152.289
Thu, 06 Jul 2023 05:29:37 GMT /generateDatabag/add/ykotti POST 16.750 200 15.700
Thu, 06 Jul 2023 05:36:39 GMT /generateDatabag/add/ykotti POST 11.301 200 10.723
Thu, 06 Jul 2023 05:37:38 GMT /generateDatabag/add/moo POST 7.344 200 6.629
Thu, 06 Jul 2023 05:39:10 GMT /generateDatabag/add/moo POST 8.054 200 7.275
Thu, 06 Jul 2023 05:39:41 GMT /generateDatabag/add/ykotti POST 9.236 200 8.703
Thu, 06 Jul 2023 05:39:45 GMT /generateDatabag/add/moo POST 7.074 200 6.615
Thu, 06 Jul 2023 05:40:39 GMT /generateDatabag/add/ykotti POST 9.707 200 8.651
Thu, 06 Jul 2023 05:40:42 GMT /generateDatabag/add/ykotti POST 9.218 200 7.970
Thu, 06 Jul 2023 05:41:08 GMT /generateDatabag/add/ykotti POST 13.651 200 12.857
Thu, 06 Jul 2023 05:41:13 GMT /generateDatabag/add/ykotti POST 7.209 200 6.673
Thu, 06 Jul 2023 05:41:19 GMT /generateDatabag/add/ykotti POST 8.962 200 8.066
Thu, 06 Jul 2023 05:41:25 GMT /generateDatabag/add/ykotti POST 8.793 200 6.485
Thu, 06 Jul 2023 05:42:50 GMT /generateDatabag/add/ykotti POST 8.913 200 7.129
Thu, 06 Jul 2023 05:43:37 GMT /generateDatabag/add/ykotti POST 7.282 200 6.844
Thu, 06 Jul 2023 05:44:20 GMT /generateDatabag/add/ykotti POST 7.469 200 6.870
Thu, 06 Jul 2023 05:48:03 GMT /generateDatabag/add/ykotti POST 7.354 200 6.892
Thu, 06 Jul 2023 05:54:33 GMT /generateDatabag/new OPTIONS 7.170 204 2.422
Thu, 06 Jul 2023 05:54:33 GMT /generateDatabag/new POST 347.552 401 346.238
Thu, 06 Jul 2023 05:54:52 GMT /generateDatabag/new OPTIONS 1.046 204 0.397
Thu, 06 Jul 2023 05:54:55 GMT /generateDatabag/new POST 2676.333 201 2675.236
Thu, 06 Jul 2023 05:55:02 GMT /generateDatabag/add/ykotti POST 16.332 200 15.792
Thu, 06 Jul 2023 06:12:31 GMT /generateDatabag/add/ykotti POST 9.913 200 9.508
Thu, 06 Jul 2023 12:05:12 GMT /generateDatabag/add/null POST 12.259 200 10.059
Thu, 06 Jul 2023 12:05:23 GMT /generateDatabag/add/null POST 7.443 200 6.768
Thu, 06 Jul 2023 12:06:29 GMT /generateDatabag/add/null POST 7.761 200 7.050
Thu, 06 Jul 2023 12:09:29 GMT /generateDatabag/add/null POST 7.467 200 6.292
Thu, 06 Jul 2023 12:10:55 GMT /generateDatabag/add/ykotti POST 8.849 200 8.202
Thu, 06 Jul 2023 12:12:41 GMT /generateDatabag/add/ykotti POST 6.332 200 5.691
Thu, 06 Jul 2023 13:20:38 GMT /generateDatabag/add/ykotti POST 220.242 200 205.211
Thu, 06 Jul 2023 13:25:34 GMT /generateDatabag/add/ykotti POST 11.838 200 10.955
Thu, 06 Jul 2023 14:14:12 GMT /login/token OPTIONS 12.019 204 2.806
Thu, 06 Jul 2023 14:14:14 GMT /login/token POST 1639.779 200 1637.113
Thu, 06 Jul 2023 14:14:18 GMT /generateDatabag/add/ykotti POST 69.802 200 67.580
Thu, 06 Jul 2023 14:14:56 GMT /generateDatabag/new OPTIONS 1.081 204 0.575
Thu, 06 Jul 2023 14:14:59 GMT /generateDatabag/new POST 2664.596 201 2662.350
Thu, 06 Jul 2023 14:15:03 GMT /generateDatabag/add/ykotti POST 20.909 200 20.034
Thu, 06 Jul 2023 14:19:11 GMT /login/token OPTIONS 0.959 204 0.387
Thu, 06 Jul 2023 14:19:12 GMT /login/token POST 1267.177 200 1265.884
Thu, 06 Jul 2023 14:20:19 GMT /login/token OPTIONS 0.960 204 0.252
Thu, 06 Jul 2023 14:20:20 GMT /login/token POST 1576.440 200 1575.353
Thu, 06 Jul 2023 14:20:35 GMT /generateDatabag/new OPTIONS 0.852 204 0.265
Thu, 06 Jul 2023 14:20:37 GMT /generateDatabag/new POST 2791.748 201 2790.509
Thu, 06 Jul 2023 14:20:43 GMT /generateDatabag/add/ykotti POST 22.356 200 21.136
Thu, 06 Jul 2023 14:21:21 GMT /generateDatabag/new OPTIONS 1.076 204 0.230
Thu, 06 Jul 2023 14:21:24 GMT /generateDatabag/new POST 2759.166 201 2757.304
Thu, 06 Jul 2023 14:21:29 GMT /generateDatabag/add/ykotti POST 19.048 200 18.206
Thu, 06 Jul 2023 14:21:46 GMT /generateDatabag/new OPTIONS 1.114 204 0.233
Thu, 06 Jul 2023 14:21:48 GMT /generateDatabag/new POST 1757.397 409 1756.332
Thu, 06 Jul 2023 14:24:57 GMT /login/token OPTIONS 0.781 204 0.302
Thu, 06 Jul 2023 14:24:58 GMT /login/token POST 1270.560 200 1269.194
Thu, 06 Jul 2023 14:25:04 GMT /generateDatabag/add/ykotti POST 20.492 200 19.633
Thu, 06 Jul 2023 14:25:58 GMT /generateDatabag/new OPTIONS 0.628 204 0.249
Thu, 06 Jul 2023 14:25:59 GMT /generateDatabag/new POST 1558.584 409 1557.722
Thu, 06 Jul 2023 14:26:06 GMT /generateDatabag/add/ykotti POST 22.020 200 21.140
Thu, 06 Jul 2023 14:30:23 GMT /login/token OPTIONS 12.765 204 3.182
Thu, 06 Jul 2023 14:30:25 GMT /login/token POST 1532.509 200 1530.184
Thu, 06 Jul 2023 14:30:41 GMT /generateDatabag/new OPTIONS 1.414 204 0.395
Thu, 06 Jul 2023 14:34:45 GMT /login/token OPTIONS 11.112 204 2.407
Thu, 06 Jul 2023 14:34:46 GMT /login/token POST 1503.535 200 1498.833
Thu, 06 Jul 2023 14:35:00 GMT /generateDatabag/new OPTIONS 1.227 204 0.412
Thu, 06 Jul 2023 14:44:43 GMT /login/token OPTIONS 10.327 204 2.328
Thu, 06 Jul 2023 14:44:44 GMT /login/token POST 1514.539 200 1512.304
Thu, 06 Jul 2023 14:44:56 GMT /generateDatabag/new OPTIONS 1.242 204 0.438
Thu, 06 Jul 2023 14:49:12 GMT /login/token OPTIONS 10.573 204 3.003
Thu, 06 Jul 2023 14:49:14 GMT /login/token POST 1608.285 200 1604.515
Thu, 06 Jul 2023 14:49:25 GMT /generateDatabag/new OPTIONS 1.208 204 0.400
Thu, 06 Jul 2023 14:49:27 GMT /generateDatabag/new POST 1668.117 409 1667.060
Thu, 06 Jul 2023 14:49:34 GMT /generateDatabag/add/ykotti POST 61.318 200 58.057
Thu, 06 Jul 2023 14:52:34 GMT /generateDatabag/new GET 9.654 404 5.164
Thu, 06 Jul 2023 14:52:46 GMT /generateDatabag/new POST 8.901 400 7.937
Thu, 06 Jul 2023 15:01:52 GMT /login/token OPTIONS 10.148 204 2.984
Thu, 06 Jul 2023 15:01:53 GMT /login/token POST 1734.476 200 1732.093
Thu, 06 Jul 2023 15:02:09 GMT /generateDatabag/new OPTIONS 1.542 204 0.421
Thu, 06 Jul 2023 15:02:11 GMT /generateDatabag/new POST 1919.879 409 1918.038
Thu, 06 Jul 2023 15:02:15 GMT /generateDatabag/add/ykotti POST 38.500 200 37.393
Thu, 06 Jul 2023 15:03:35 GMT /generateDatabag/new OPTIONS 1.074 204 0.215
Thu, 06 Jul 2023 15:03:37 GMT /generateDatabag/new POST 1841.569 409 1839.900
Thu, 06 Jul 2023 15:03:39 GMT /generateDatabag/add/ykotti POST 27.107 200 26.012
Thu, 06 Jul 2023 15:39:57 GMT /login/token OPTIONS 9.228 204 2.396
Thu, 06 Jul 2023 15:39:59 GMT /login/token POST 1866.439 200 1862.882
Thu, 06 Jul 2023 15:40:02 GMT /generateDatabag/add/ykotti POST 197.424 200 195.702
Thu, 06 Jul 2023 15:42:19 GMT /login/token OPTIONS 0.981 204 0.467
Thu, 06 Jul 2023 15:42:20 GMT /login/token POST 1288.314 200 1286.980
Thu, 06 Jul 2023 15:42:23 GMT /generateDatabag/add/ykotti POST 30.991 200 28.081
Thu, 06 Jul 2023 15:44:02 GMT /generateDatabag/new OPTIONS 0.926 204 0.242
Thu, 06 Jul 2023 15:44:05 GMT /generateDatabag/new POST 2637.886 201 2635.940
Thu, 06 Jul 2023 15:44:08 GMT /generateDatabag/add/ykotti POST 22.004 200 19.626
Thu, 06 Jul 2023 15:44:27 GMT /generateDatabag/new OPTIONS 1.248 204 0.302
Thu, 06 Jul 2023 15:44:28 GMT /generateDatabag/new POST 1614.577 409 1611.795
Thu, 06 Jul 2023 15:44:31 GMT /generateDatabag/add/ykotti POST 19.866 200 19.007
Fri, 07 Jul 2023 05:49:40 GMT /login/token OPTIONS 8.639 204 2.594
Fri, 07 Jul 2023 05:49:42 GMT /login/token POST 1817.689 200 1814.663
Fri, 07 Jul 2023 05:49:46 GMT /generateDatabag/add/ykotti POST 186.623 200 184.319
Fri, 07 Jul 2023 06:00:44 GMT /login/token OPTIONS 1.311 204 0.508
Fri, 07 Jul 2023 06:00:46 GMT /login/token POST 2081.502 200 2080.013
Fri, 07 Jul 2023 06:00:50 GMT /generateDatabag/add/ykotti POST 690.025 200 688.821
Fri, 07 Jul 2023 06:08:37 GMT /login/token OPTIONS 1.178 204 0.268
Fri, 07 Jul 2023 06:08:38 GMT /login/token POST 1571.578 200 1569.954
Fri, 07 Jul 2023 06:08:54 GMT /generateDatabag/new OPTIONS 2.617 204 0.200
Fri, 07 Jul 2023 06:08:57 GMT /generateDatabag/new POST 3100.682 201 3098.406
Fri, 07 Jul 2023 06:09:00 GMT /generateDatabag/add/ykotti POST 19.518 200 18.337
Fri, 07 Jul 2023 06:25:18 GMT /login/token OPTIONS 0.998 204 0.235
Fri, 07 Jul 2023 06:25:20 GMT /login/token POST 1432.625 200 1431.546
Fri, 07 Jul 2023 06:25:33 GMT /generateDatabag/new OPTIONS 0.746 204 0.248
Fri, 07 Jul 2023 06:25:35 GMT /generateDatabag/new POST 2379.204 201 2378.051
Fri, 07 Jul 2023 06:25:37 GMT /generateDatabag/add/ykotti POST 18.601 200 16.876
Fri, 07 Jul 2023 06:27:33 GMT /generateDatabag/new OPTIONS 0.874 204 0.257
Fri, 07 Jul 2023 06:27:36 GMT /generateDatabag/new POST 2450.747 201 2449.477
Fri, 07 Jul 2023 06:27:40 GMT /generateDatabag/add/ykotti POST 27.725 200 26.956
Fri, 07 Jul 2023 06:31:26 GMT /login/token OPTIONS 0.798 204 0.284
Fri, 07 Jul 2023 06:31:28 GMT /login/token POST 1601.819 200 1600.693
Fri, 07 Jul 2023 06:33:01 GMT /login/token OPTIONS 0.706 204 0.272
Fri, 07 Jul 2023 06:33:03 GMT /login/token POST 1624.975 200 1624.170
Fri, 07 Jul 2023 06:36:01 GMT /generateDatabag/add/ykotti POST 22.189 200 20.136
Fri, 07 Jul 2023 06:36:51 GMT /login/token OPTIONS 0.681 204 0.259
Fri, 07 Jul 2023 06:36:53 GMT /login/token POST 1767.254 200 1766.173
Fri, 07 Jul 2023 06:37:32 GMT /generateDatabag/add/ykotti POST 24.588 200 22.382
Fri, 07 Jul 2023 06:39:20 GMT /generateDatabag/add/ykotti POST 21.102 200 20.296
Fri, 07 Jul 2023 06:40:47 GMT /generateDatabag/add/ykotti POST 24.215 200 23.357
Fri, 07 Jul 2023 06:49:59 GMT /login/token OPTIONS 1.222 204 0.703
Fri, 07 Jul 2023 06:50:01 GMT /login/token POST 1567.085 200 1565.562
Fri, 07 Jul 2023 06:50:17 GMT /generateDatabag/add/ykotti POST 33.107 200 22.351
Fri, 07 Jul 2023 06:51:14 GMT /generateDatabag/add/ykotti POST 25.013 200 22.377
Fri, 07 Jul 2023 06:52:09 GMT /generateDatabag/add/ykotti POST 20.713 200 19.745
Fri, 07 Jul 2023 06:57:03 GMT /login/token OPTIONS 0.586 204 0.214
Fri, 07 Jul 2023 06:57:05 GMT /login/token POST 1550.158 200 1548.223
Fri, 07 Jul 2023 06:57:25 GMT /generateDatabag/add/ykotti POST 23.694 200 20.597
Fri, 07 Jul 2023 07:03:38 GMT /login/token OPTIONS 0.635 204 0.201
Fri, 07 Jul 2023 07:03:40 GMT /login/token POST 1499.274 200 1497.927
Fri, 07 Jul 2023 07:04:28 GMT /generateDatabag/add/ykotti POST 40.031 200 39.100
Fri, 07 Jul 2023 07:08:56 GMT /login/token OPTIONS 0.594 204 0.208
Fri, 07 Jul 2023 07:08:58 GMT /login/token POST 1559.625 200 1558.309
Fri, 07 Jul 2023 07:09:15 GMT /generateDatabag/add/ykotti POST 61.655 200 61.044
Fri, 07 Jul 2023 07:13:17 GMT /login/token OPTIONS 8.540 204 2.309
Fri, 07 Jul 2023 07:13:19 GMT /login/token POST 1553.441 200 1550.801
Fri, 07 Jul 2023 07:13:22 GMT /generateDatabag/add/ykotti POST 169.187 200 167.212
Fri, 07 Jul 2023 07:13:48 GMT /generateDatabag/new OPTIONS 1.233 204 0.744
Fri, 07 Jul 2023 07:13:50 GMT /generateDatabag/new POST 1688.853 409 1687.384
Fri, 07 Jul 2023 07:14:03 GMT /generateDatabag/new OPTIONS 1.104 204 0.205
Fri, 07 Jul 2023 07:14:04 GMT /generateDatabag/new POST 1626.306 409 1624.967
Fri, 07 Jul 2023 07:14:17 GMT /generateDatabag/new OPTIONS 0.823 204 0.349
Fri, 07 Jul 2023 07:14:19 GMT /generateDatabag/new POST 1489.342 409 1488.218
Fri, 07 Jul 2023 07:14:34 GMT /generateDatabag/new OPTIONS 1.004 204 0.228
Fri, 07 Jul 2023 07:14:37 GMT /generateDatabag/new POST 2664.611 201 2663.015
Fri, 07 Jul 2023 07:14:40 GMT /generateDatabag/add/ykotti POST 21.488 200 20.610
Fri, 07 Jul 2023 07:19:44 GMT /login/token OPTIONS 1.317 204 0.396
Fri, 07 Jul 2023 07:19:45 GMT /login/token POST 1475.846 200 1474.721
Fri, 07 Jul 2023 07:19:48 GMT /generateDatabag/add/ykotti POST 24.063 200 22.058
Fri, 07 Jul 2023 07:20:55 GMT /login/token OPTIONS 0.723 204 0.258
Fri, 07 Jul 2023 07:20:56 GMT /login/token POST 1402.222 200 1400.879
Fri, 07 Jul 2023 07:20:58 GMT /generateDatabag/add/ykotti POST 23.426 200 22.087
Fri, 07 Jul 2023 07:23:50 GMT /login/token OPTIONS 0.714 204 0.270
Fri, 07 Jul 2023 07:23:52 GMT /login/token POST 1832.806 200 1831.829
Fri, 07 Jul 2023 09:20:54 GMT /login/token OPTIONS 9.703 204 3.532
Fri, 07 Jul 2023 09:20:56 GMT /login/token POST 1792.126 200 1789.891
Fri, 07 Jul 2023 09:22:00 GMT /generateDatabag/add/rbendale POST 179.009 200 177.601
Fri, 07 Jul 2023 09:22:15 GMT /generateDatabag/add/rbendale POST 19.966 200 18.945
Fri, 07 Jul 2023 09:22:43 GMT /generateDatabag/new OPTIONS 1.032 204 0.374
Fri, 07 Jul 2023 09:22:45 GMT /generateDatabag/new POST 2278.568 201 2277.068
Fri, 07 Jul 2023 09:23:01 GMT /generateDatabag/add/rbendale POST 17.804 200 16.480
Fri, 07 Jul 2023 09:24:14 GMT /login/token OPTIONS 1.191 204 0.284
Fri, 07 Jul 2023 09:24:15 GMT /login/token POST 1445.632 200 1444.121
Fri, 07 Jul 2023 09:24:18 GMT /generateDatabag/add/rbendale POST 19.864 200 18.584
Fri, 07 Jul 2023 09:25:14 GMT /generateDatabag/new OPTIONS 0.938 204 0.249
Fri, 07 Jul 2023 09:25:15 GMT /generateDatabag/new POST 1580.799 409 1579.495
Fri, 07 Jul 2023 09:25:39 GMT /generateDatabag/new OPTIONS 0.936 204 0.227
Fri, 07 Jul 2023 09:25:40 GMT /generateDatabag/new POST 1621.568 409 1618.727
Fri, 07 Jul 2023 09:26:28 GMT /generateDatabag/new OPTIONS 1.177 204 0.452
Fri, 07 Jul 2023 09:26:29 GMT /generateDatabag/new POST 1540.057 400 1538.824
Fri, 07 Jul 2023 09:26:52 GMT /generateDatabag/new OPTIONS 0.918 204 0.228
Fri, 07 Jul 2023 09:26:54 GMT /generateDatabag/new POST 1441.499 400 1440.259
Fri, 07 Jul 2023 09:27:18 GMT /generateDatabag/new OPTIONS 0.655 204 0.244
Fri, 07 Jul 2023 09:27:21 GMT /generateDatabag/new POST 2605.659 201 2604.525
Fri, 07 Jul 2023 09:27:26 GMT /generateDatabag/add/rbendale POST 20.107 200 19.288
Fri, 07 Jul 2023 09:51:38 GMT /login/token OPTIONS 9.183 204 2.418
Fri, 07 Jul 2023 09:51:40 GMT /login/token POST 1495.595 200 1493.294
Fri, 07 Jul 2023 09:51:43 GMT /generateDatabag/add/rbendale POST 51.666 200 50.195
Fri, 07 Jul 2023 09:59:05 GMT /login/token OPTIONS 1.073 204 0.511
Fri, 07 Jul 2023 09:59:06 GMT /login/token POST 1537.112 200 1535.804
Fri, 07 Jul 2023 09:59:48 GMT /generateDatabag/add/rmohite POST 20.758 200 19.425
Fri, 07 Jul 2023 10:00:17 GMT /generateDatabag/add/rmohite POST 18.709 200 17.653
Fri, 07 Jul 2023 10:00:47 GMT /login/token OPTIONS 0.640 204 0.225
Fri, 07 Jul 2023 10:00:49 GMT /login/token POST 1390.482 200 1388.545
Fri, 07 Jul 2023 10:00:53 GMT /generateDatabag/add/rbendale POST 18.194 200 17.034
Fri, 07 Jul 2023 10:03:31 GMT /generateDatabag/new OPTIONS 0.995 204 0.218
Fri, 07 Jul 2023 10:03:33 GMT /generateDatabag/new POST 1669.863 400 1668.274
Fri, 07 Jul 2023 10:04:15 GMT /login/token OPTIONS 1.270 204 0.321
Fri, 07 Jul 2023 10:04:17 GMT /login/token POST 1478.363 200 1477.262
Fri, 07 Jul 2023 10:04:33 GMT /generateDatabag/new OPTIONS 0.867 204 0.295
Fri, 07 Jul 2023 10:04:35 GMT /generateDatabag/new POST 1854.062 400 1852.508
Fri, 07 Jul 2023 10:05:03 GMT /generateDatabag/add/rmohite POST 18.686 200 17.358
Fri, 07 Jul 2023 10:10:55 GMT /login/token OPTIONS 0.974 204 0.244
Fri, 07 Jul 2023 10:10:56 GMT /login/token POST 1670.435 200 1669.466
Fri, 07 Jul 2023 10:10:59 GMT /generateDatabag/add/rmohite POST 25.339 200 24.487
Fri, 07 Jul 2023 10:11:34 GMT /login/token OPTIONS 0.769 204 0.280
Fri, 07 Jul 2023 10:11:35 GMT /login/token POST 1497.956 200 1497.122
Fri, 07 Jul 2023 10:11:40 GMT /generateDatabag/add/rbendale POST 24.569 200 23.307
Fri, 07 Jul 2023 10:15:17 GMT /generateDatabag/new OPTIONS 0.739 204 0.258
Fri, 07 Jul 2023 10:15:20 GMT /generateDatabag/new POST 2630.593 400 2628.721
Fri, 07 Jul 2023 10:16:11 GMT /login/token OPTIONS 0.689 204 0.250
Fri, 07 Jul 2023 10:16:12 GMT /login/token POST 1659.281 200 1657.951
Fri, 07 Jul 2023 10:16:27 GMT /generateDatabag/new OPTIONS 1.081 204 0.459
Fri, 07 Jul 2023 10:16:27 GMT /generateDatabag/new POST 159.689 404 158.166
Fri, 07 Jul 2023 10:17:45 GMT /generateDatabag/new OPTIONS 1.095 204 0.494
Fri, 07 Jul 2023 10:17:47 GMT /generateDatabag/new POST 2798.400 400 2797.123
Fri, 07 Jul 2023 10:18:25 GMT /generateDatabag/new OPTIONS 0.613 204 0.229
Fri, 07 Jul 2023 10:18:25 GMT /generateDatabag/new POST 136.855 404 135.512
Fri, 07 Jul 2023 10:18:40 GMT /generateDatabag/add/rmohite POST 22.230 200 21.344
Fri, 07 Jul 2023 10:24:15 GMT /login/token OPTIONS 0.610 204 0.222
Fri, 07 Jul 2023 10:24:16 GMT /login/token POST 1522.583 200 1521.635
Fri, 07 Jul 2023 10:24:56 GMT /generateDatabag/new OPTIONS 0.818 204 0.292
Fri, 07 Jul 2023 10:25:00 GMT /generateDatabag/new POST 3549.922 201 3548.645
Fri, 07 Jul 2023 10:25:56 GMT /generateDatabag/add/rmohite POST 22.362 200 21.104
Fri, 07 Jul 2023 10:30:01 GMT /login/token OPTIONS 0.601 204 0.210
Fri, 07 Jul 2023 10:30:03 GMT /login/token POST 2243.637 200 2242.787
Fri, 07 Jul 2023 10:30:26 GMT /generateDatabag/new OPTIONS 0.687 204 0.214
Fri, 07 Jul 2023 10:30:29 GMT /generateDatabag/new POST 2648.748 409 2647.564
Fri, 07 Jul 2023 10:31:29 GMT /generateDatabag/new OPTIONS 0.645 204 0.195
Fri, 07 Jul 2023 10:31:33 GMT /generateDatabag/new POST 3727.559 201 3726.403
Fri, 07 Jul 2023 10:31:49 GMT /generateDatabag/add/rmohite POST 43.597 200 42.291
Fri, 07 Jul 2023 10:35:56 GMT /login/token OPTIONS 0.970 204 0.309
Fri, 07 Jul 2023 10:35:58 GMT /login/token POST 1659.786 200 1658.912
Fri, 07 Jul 2023 10:36:00 GMT /generateDatabag/add/rbendale POST 23.931 200 22.206
Fri, 07 Jul 2023 10:39:50 GMT /generateDatabag/new OPTIONS 0.742 204 0.214
Fri, 07 Jul 2023 10:39:50 GMT /generateDatabag/new POST 148.979 404 147.745
Fri, 07 Jul 2023 10:39:58 GMT /generateDatabag/add/rbendale POST 25.935 200 24.983
Fri, 07 Jul 2023 10:43:36 GMT /login/token OPTIONS 0.783 204 0.262
Fri, 07 Jul 2023 10:43:37 GMT /login/token POST 1587.960 200 1586.888
Fri, 07 Jul 2023 10:45:47 GMT /generateDatabag/add/rbendale POST 33.827 200 32.984
Fri, 07 Jul 2023 10:47:20 GMT /generateDatabag/add/rbendale POST 37.735 200 36.474
Fri, 07 Jul 2023 11:04:36 GMT /login/token OPTIONS 0.916 204 0.278
Fri, 07 Jul 2023 11:04:37 GMT /login/token POST 1374.128 200 1372.968
Fri, 07 Jul 2023 11:04:44 GMT /generateDatabag/add/ykotti POST 48.338 200 47.491
Fri, 07 Jul 2023 11:05:50 GMT /generateDatabag/add/ykotti POST 26.271 200 25.470
Fri, 07 Jul 2023 11:06:16 GMT /generateDatabag/add/ykotti POST 32.960 200 32.199
Fri, 07 Jul 2023 11:17:11 GMT /login/token OPTIONS 0.716 204 0.227
Fri, 07 Jul 2023 11:17:12 GMT /login/token POST 1706.231 200 1705.352
Fri, 07 Jul 2023 11:34:01 GMT /login/token OPTIONS 0.578 204 0.210
Fri, 07 Jul 2023 11:34:03 GMT /login/token POST 1548.968 200 1547.288
Fri, 07 Jul 2023 11:34:35 GMT /generateDatabag/add/ykotti POST 31.638 200 30.881
Fri, 07 Jul 2023 12:10:58 GMT /login/token OPTIONS 12.854 204 2.421
Fri, 07 Jul 2023 12:10:59 GMT /login/token POST 1723.798 200 1718.785
Fri, 07 Jul 2023 12:59:13 GMT /login/token OPTIONS 10.664 204 2.545
Fri, 07 Jul 2023 12:59:15 GMT /login/token POST 1621.678 200 1618.114
Fri, 07 Jul 2023 12:59:41 GMT /generateDatabag/add/ykotti POST 176.049 200 175.105
Fri, 07 Jul 2023 13:03:17 GMT /generateDatabag/add/ykotti POST 22.677 200 21.548
Fri, 07 Jul 2023 13:05:33 GMT /login/token OPTIONS 1.307 204 0.474
Fri, 07 Jul 2023 13:05:35 GMT /login/token POST 1651.836 200 1650.601
Fri, 07 Jul 2023 13:25:54 GMT /login/token OPTIONS 0.987 204 0.253
Fri, 07 Jul 2023 13:25:56 GMT /login/token POST 1941.384 200 1940.379
Fri, 07 Jul 2023 13:25:58 GMT /generateDatabag/add/ykotti POST 19.248 200 17.977
Fri, 07 Jul 2023 13:29:24 GMT /login/token OPTIONS 1.035 204 0.256
Fri, 07 Jul 2023 13:29:25 GMT /login/token POST 1788.262 200 1786.560
Fri, 07 Jul 2023 13:29:29 GMT /generateDatabag/add/ykotti POST 18.672 200 17.449
Fri, 07 Jul 2023 13:35:47 GMT /login/token OPTIONS 10.238 204 2.268
Fri, 07 Jul 2023 13:35:49 GMT /login/token POST 1784.986 200 1782.687
Fri, 07 Jul 2023 13:35:52 GMT /generateDatabag/add/ykotti POST 161.723 200 158.807
Fri, 07 Jul 2023 13:50:50 GMT /login/token OPTIONS 1.030 204 0.518
Fri, 07 Jul 2023 13:50:51 GMT /login/token POST 1343.013 200 1341.360
Fri, 07 Jul 2023 13:51:00 GMT /generateDatabag/add/ykotti POST 22.531 200 20.595
Fri, 07 Jul 2023 13:54:04 GMT /login/token OPTIONS 1.058 204 0.623
Fri, 07 Jul 2023 13:54:06 GMT /login/token POST 1753.228 200 1752.158
Fri, 07 Jul 2023 13:57:43 GMT /generateDatabag/add/ykotti POST 21.447 200 20.226
Fri, 07 Jul 2023 14:07:40 GMT /login/token OPTIONS 1.138 204 0.339
Fri, 07 Jul 2023 14:07:42 GMT /login/token POST 1621.897 200 1620.579
Fri, 07 Jul 2023 14:14:57 GMT /generateDatabag/add/ykotti POST 22.063 200 19.610
Fri, 07 Jul 2023 14:15:19 GMT /login/token OPTIONS 0.892 204 0.231
Fri, 07 Jul 2023 14:15:21 GMT /login/token POST 1567.350 200 1566.487
Fri, 07 Jul 2023 14:15:54 GMT /generateDatabag/add/ykotti POST 16.941 200 16.200
Fri, 07 Jul 2023 14:17:04 GMT /generateDatabag/add/ykotti POST 20.669 200 19.712
Fri, 07 Jul 2023 14:20:33 GMT /login/token OPTIONS 0.911 204 0.243
Fri, 07 Jul 2023 14:20:35 GMT /login/token POST 1657.648 200 1655.557
Fri, 07 Jul 2023 14:25:48 GMT /login/token OPTIONS 0.614 204 0.223
Fri, 07 Jul 2023 14:25:50 GMT /login/token POST 1598.408 200 1597.255
Fri, 07 Jul 2023 14:26:22 GMT /login/token OPTIONS 0.761 204 0.310
Fri, 07 Jul 2023 14:26:24 GMT /login/token POST 1653.781 200 1652.710
Fri, 07 Jul 2023 14:31:02 GMT /login/token OPTIONS 0.656 204 0.237
Fri, 07 Jul 2023 14:31:04 GMT /login/token POST 1799.740 200 1798.437
Fri, 07 Jul 2023 14:38:09 GMT /login/token OPTIONS 1.033 204 0.613
Fri, 07 Jul 2023 14:38:11 GMT /login/token POST 1628.132 200 1627.298
Fri, 07 Jul 2023 14:42:30 GMT /login/token OPTIONS 0.715 204 0.250
Fri, 07 Jul 2023 14:42:32 GMT /login/token POST 1577.237 200 1576.106
Fri, 07 Jul 2023 14:42:34 GMT /generateDatabag/add/rbendale POST 32.525 200 31.726
Fri, 07 Jul 2023 14:49:13 GMT /login/token OPTIONS 0.741 204 0.281
Fri, 07 Jul 2023 14:49:14 GMT /login/token POST 1492.924 200 1491.979
Fri, 07 Jul 2023 14:50:01 GMT /generateDatabag/new OPTIONS 0.732 204 0.213
Fri, 07 Jul 2023 14:50:04 GMT /generateDatabag/new POST 2681.633 201 2680.253
Fri, 07 Jul 2023 14:50:07 GMT /generateDatabag/add/rbendale POST 17.761 200 16.922
Fri, 07 Jul 2023 14:57:49 GMT /login/token OPTIONS 0.609 204 0.216
Fri, 07 Jul 2023 14:57:50 GMT /login/token POST 1529.830 200 1528.629
Fri, 07 Jul 2023 14:57:52 GMT /generateDatabag/add/rbendale POST 18.550 200 17.673
Fri, 07 Jul 2023 15:17:09 GMT /login/token OPTIONS 0.668 204 0.256
Fri, 07 Jul 2023 15:17:11 GMT /login/token POST 1469.984 200 1469.144
Fri, 07 Jul 2023 15:17:13 GMT /generateDatabag/add/ykotti POST 27.535 200 26.641
Fri, 07 Jul 2023 15:17:27 GMT /generateDatabag/new OPTIONS 0.726 204 0.288
Fri, 07 Jul 2023 15:17:29 GMT /generateDatabag/new POST 1733.803 409 1732.314
Fri, 07 Jul 2023 15:17:31 GMT /generateDatabag/add/ykotti POST 21.697 200 20.861
Mon, 10 Jul 2023 05:04:43 GMT /login/token OPTIONS 9.524 204 2.308
Mon, 10 Jul 2023 05:04:45 GMT /login/token POST 1889.984 200 1887.645
Mon, 10 Jul 2023 05:05:31 GMT /generateDatabag/add/rbendale POST 207.830 200 206.071
Mon, 10 Jul 2023 05:05:57 GMT /login/token OPTIONS 0.921 204 0.399
Mon, 10 Jul 2023 05:05:59 GMT /login/token POST 1330.710 200 1329.357
Mon, 10 Jul 2023 05:06:14 GMT /generateDatabag/new OPTIONS 0.984 204 0.344
Mon, 10 Jul 2023 05:06:17 GMT /generateDatabag/new POST 2908.559 201 2906.891
Mon, 10 Jul 2023 05:06:19 GMT /generateDatabag/add/rbendale POST 19.172 200 18.115
Mon, 10 Jul 2023 05:08:41 GMT /generateDatabag/add/rbendale POST 21.725 200 19.952
Mon, 10 Jul 2023 05:11:24 GMT /login/token OPTIONS 0.967 204 0.249
Mon, 10 Jul 2023 05:12:00 GMT /login/token POST 35727.326 200 35725.647
Mon, 10 Jul 2023 05:12:06 GMT /generateDatabag/add/rbendale POST 22.681 200 21.607
Mon, 10 Jul 2023 05:13:10 GMT /generateDatabag/new OPTIONS 0.706 204 0.241
Mon, 10 Jul 2023 05:13:13 GMT /generateDatabag/new POST 2897.300 201 2895.953
Mon, 10 Jul 2023 05:13:16 GMT /generateDatabag/add/rbendale POST 19.802 200 19.030
Mon, 10 Jul 2023 05:13:42 GMT /generateDatabag/new OPTIONS 0.919 204 0.314
Mon, 10 Jul 2023 05:13:44 GMT /generateDatabag/new POST 1490.794 409 1489.353
Mon, 10 Jul 2023 05:13:48 GMT /generateDatabag/add/rbendale POST 17.869 200 17.048
Mon, 10 Jul 2023 05:18:00 GMT /login/token OPTIONS 0.676 204 0.238
Mon, 10 Jul 2023 05:18:02 GMT /login/token POST 1519.945 200 1518.555
Mon, 10 Jul 2023 05:18:03 GMT /generateDatabag/add/rbendale POST 20.492 200 19.724
Mon, 10 Jul 2023 08:13:27 GMT /login/token OPTIONS 8.202 204 2.329
Mon, 10 Jul 2023 08:13:28 GMT /login/token POST 1716.394 200 1713.868
Mon, 10 Jul 2023 08:14:44 GMT /generateDatabag/new OPTIONS 1.589 204 0.500
Mon, 10 Jul 2023 08:14:46 GMT /generateDatabag/new POST 2320.112 201 2318.593
Mon, 10 Jul 2023 08:14:50 GMT /generateDatabag/add/pkapse POST 23.963 200 23.151
Mon, 10 Jul 2023 08:15:20 GMT /generateDatabag/add/pkapse POST 22.084 200 20.818
Mon, 10 Jul 2023 08:19:11 GMT /login/token OPTIONS 0.951 204 0.293
Mon, 10 Jul 2023 08:19:12 GMT /login/token POST 1372.491 200 1371.386
Mon, 10 Jul 2023 08:19:25 GMT /generateDatabag/add/pkapse POST 18.275 200 17.050
Mon, 10 Jul 2023 08:19:31 GMT /generateDatabag/add/pkapse POST 13.847 200 12.849
Mon, 10 Jul 2023 08:29:33 GMT /login/token OPTIONS 0.801 204 0.223
Mon, 10 Jul 2023 08:29:35 GMT /login/token POST 1342.705 200 1341.148
Mon, 10 Jul 2023 08:31:25 GMT /generateDatabag/add/pkapse POST 16.186 200 15.140
Mon, 10 Jul 2023 08:32:18 GMT /generateDatabag/add/pkapse POST 16.601 200 15.559
Mon, 10 Jul 2023 08:35:12 GMT /login/token OPTIONS 0.687 204 0.231
Mon, 10 Jul 2023 08:35:14 GMT /login/token POST 1461.519 200 1460.715
Mon, 10 Jul 2023 08:35:52 GMT /generateDatabag/add/pkapse POST 21.472 200 20.331
Mon, 10 Jul 2023 08:36:16 GMT /generateDatabag/add/pkapse POST 22.066 200 20.939
Mon, 10 Jul 2023 08:36:34 GMT /generateDatabag/add/pkapse POST 16.385 200 15.185
Mon, 10 Jul 2023 08:36:43 GMT /generateDatabag/add/pkapse POST 13.591 200 12.781
Mon, 10 Jul 2023 08:41:27 GMT /login/token OPTIONS 0.689 204 0.242
Mon, 10 Jul 2023 08:41:28 GMT /login/token POST 1282.743 200 1281.579
Mon, 10 Jul 2023 08:41:39 GMT /generateDatabag/add/pkapse POST 19.634 200 18.706
Tue, 11 Jul 2023 09:53:52 GMT /login/token OPTIONS 18.167 204 4.911
Tue, 11 Jul 2023 09:53:54 GMT /login/token POST 1834.037 200 1829.815
Tue, 11 Jul 2023 12:59:48 GMT /login/token OPTIONS 9.395 204 2.370
Tue, 11 Jul 2023 12:59:50 GMT /login/token POST 1988.437 200 1985.917
Tue, 11 Jul 2023 13:00:17 GMT /generateDatabag/new OPTIONS 1.707 204 0.501
Tue, 11 Jul 2023 13:00:19 GMT /generateDatabag/new POST 1614.724 409 1613.123
Tue, 11 Jul 2023 13:00:27 GMT /generateDatabag/add/ykotti POST 33.222 200 32.361
Tue, 11 Jul 2023 13:02:04 GMT /login/token OPTIONS 0.944 204 0.230
Tue, 11 Jul 2023 13:02:05 GMT /login/token POST 1469.716 200 1468.545
Tue, 11 Jul 2023 13:08:30 GMT /login/token OPTIONS 1.292 204 0.413
Tue, 11 Jul 2023 13:08:32 GMT /login/token POST 1979.314 200 1977.877
Tue, 11 Jul 2023 13:08:54 GMT /generateDatabag/add/ssiddiqui POST 16.951 200 16.017
Tue, 11 Jul 2023 13:09:08 GMT /login/token OPTIONS 0.730 204 0.230
Tue, 11 Jul 2023 13:09:09 GMT /login/token POST 1109.905 200 1108.021
Tue, 11 Jul 2023 13:19:01 GMT /login/token OPTIONS 1.129 204 0.276
Tue, 11 Jul 2023 13:19:02 GMT /login/token POST 1528.302 200 1527.482
Tue, 11 Jul 2023 13:21:05 GMT /generateDatabag/new OPTIONS 0.672 204 0.241
Tue, 11 Jul 2023 13:21:07 GMT /generateDatabag/new POST 1604.901 500 1603.621
Tue, 11 Jul 2023 13:21:29 GMT /generateDatabag/new OPTIONS 0.955 204 0.231
Tue, 11 Jul 2023 13:21:31 GMT /generateDatabag/new POST 1315.112 400 1314.051
Tue, 11 Jul 2023 13:22:42 GMT /generateDatabag/new OPTIONS 0.815 204 0.382
Tue, 11 Jul 2023 13:22:44 GMT /generateDatabag/new POST 2141.159 201 2139.263
Tue, 11 Jul 2023 13:35:55 GMT /login/token OPTIONS 0.981 204 0.473
Tue, 11 Jul 2023 13:35:57 GMT /login/token POST 1685.388 200 1684.541
Tue, 11 Jul 2023 13:42:20 GMT /login/token OPTIONS 1.088 204 0.468
Tue, 11 Jul 2023 13:42:22 GMT /login/token POST 1471.711 200 1470.872
Tue, 11 Jul 2023 13:48:20 GMT /login/token OPTIONS 0.856 204 0.443
Tue, 11 Jul 2023 13:48:22 GMT /login/token POST 1538.832 200 1538.057
Tue, 11 Jul 2023 13:48:36 GMT /generateDatabag/new OPTIONS 0.771 204 0.209
Tue, 11 Jul 2023 13:48:38 GMT /generateDatabag/new POST 2438.806 201 2437.239
Tue, 11 Jul 2023 14:02:06 GMT /login/token OPTIONS 1.390 204 0.606
Tue, 11 Jul 2023 14:02:07 GMT /login/token POST 1616.664 200 1615.158
Tue, 11 Jul 2023 14:02:09 GMT /generateDatabag/add/ykotti POST 18.583 200 17.532
Tue, 11 Jul 2023 14:30:46 GMT /login/token OPTIONS 11.298 204 2.560
Tue, 11 Jul 2023 14:30:47 GMT /login/token POST 1456.124 200 1453.311
Wed, 12 Jul 2023 06:27:49 GMT /login/token OPTIONS 6.064 204 1.669
Wed, 12 Jul 2023 06:27:51 GMT /login/token POST 1839.960 200 1838.093
Wed, 12 Jul 2023 08:01:06 GMT /login/token OPTIONS 8.686 204 2.476
Wed, 12 Jul 2023 08:01:08 GMT /login/token POST 1840.653 200 1837.899
Wed, 12 Jul 2023 08:22:21 GMT /login/token OPTIONS 8.852 204 2.651
Wed, 12 Jul 2023 08:22:23 GMT /login/token POST 1594.613 200 1591.684
Wed, 12 Jul 2023 08:22:30 GMT /generateDatabag/add/ykotti POST 181.183 200 179.713
Wed, 12 Jul 2023 08:22:47 GMT /generateDatabag/add/ykotti POST 20.582 200 19.422
Wed, 12 Jul 2023 08:23:22 GMT /generateDatabag/add/ykotti POST 17.586 200 16.415
Wed, 12 Jul 2023 08:23:35 GMT /generateDatabag/add/ykotti POST 17.971 200 16.168
Wed, 12 Jul 2023 08:23:40 GMT /generateDatabag/add/ykotti POST 19.165 200 17.485
Wed, 12 Jul 2023 09:45:31 GMT /login/token OPTIONS 11.295 204 2.374
Wed, 12 Jul 2023 09:45:33 GMT /login/token POST 1868.412 200 1865.173
Wed, 12 Jul 2023 14:10:42 GMT /login/token OPTIONS 11.505 204 2.849
Wed, 12 Jul 2023 14:10:43 GMT /login/token POST 1737.521 200 1735.026
Wed, 12 Jul 2023 14:10:47 GMT /generateDatabag/add/ykotti POST 91.648 200 89.257
Wed, 12 Jul 2023 14:10:52 GMT /generateDatabag/add/ykotti POST 24.966 200 23.251
